<?xml version="1.0" encoding="UTF-8"?>
<testsuite name="BalanceTest" tests="1" skipped="0" failures="0" errors="0" timestamp="2022-06-16T11:52:45" hostname="DESKTOP-PIB3S4J" time="0.013">
  <properties/>
  <testcase name="subtractBalanceByTestSuccessMulti()" classname="BalanceTest" time="0.013"/>
  <system-out><![CDATA[]]></system-out>
  <system-err><![CDATA[]]></system-err>
</testsuite>
